# JRE version: OpenJDK Runtime Environment Microsoft-8035246 (17.0.8+7) (build 17.0.8+7-LTS)
# Java VM: OpenJDK 64-Bit Server VM Microsoft-8035246 (17.0.8+7-LTS, mixed mode, sharing, tiered, compressed oops, compressed class ptrs, g1 gc, windows-amd64)
GC Precious Log:
 CPUs: 4 total, 4 available
 Memory: 8084M
 Large Page Support: Disabled
 NUMA Support: Disabled
 Compressed Oops: Enabled (32-bit)
 Heap Region Size: 1M
 Heap Min Capacity: 8M
 Heap Initial Capacity: 128M
 Heap Max Capacity: 2G
 Pre-touch: Disabled
 Parallel Workers: 4
 Concurrent Workers: 1
 Concurrent Refinement Workers: 4
 Periodic GC: Disabled
Heap:
 garbage-first heap   total 412672K, used 257536K [0x0000000080000000, 0x0000000100000000)
  region size 1024K, 77 young (78848K), 11 survivors (11264K)
 Metaspace       used 109295K, committed 110528K, reserved 557056K
  class space    used 15177K, committed 15744K, reserved 425984K
GC Heap History (20 events):
Event: 50.489 GC heap before
{Heap before GC invocations=40 (full 0):
 garbage-first heap   total 189440K, used 140154K [0x0000000080000000, 0x0000000100000000)
  region size 1024K, 52 young (53248K), 3 survivors (3072K)
 Metaspace       used 82274K, committed 82944K, reserved 557056K
  class space    used 11380K, committed 11712K, reserved 425984K
}
Event: 50.503 GC heap after
{Heap after GC invocations=41 (full 0):
 garbage-first heap   total 189440K, used 92834K [0x0000000080000000, 0x0000000100000000)
  region size 1024K, 6 young (6144K), 6 survivors (6144K)
 Metaspace       used 82274K, committed 82944K, reserved 557056K
  class space    used 11380K, committed 11712K, reserved 425984K
}
Event: 50.539 GC heap before
{Heap before GC invocations=41 (full 0):
 garbage-first heap   total 189440K, used 95906K [0x0000000080000000, 0x0000000100000000)
  region size 1024K, 9 young (9216K), 6 survivors (6144K)
 Metaspace       used 82289K, committed 83008K, reserved 557056K
  class space    used 11382K, committed 11712K, reserved 425984K
}
Event: 50.557 GC heap after
{Heap after GC invocations=42 (full 0):
 garbage-first heap   total 189440K, used 92912K [0x0000000080000000, 0x0000000100000000)
  region size 1024K, 1 young (1024K), 1 survivors (1024K)
 Metaspace       used 82289K, committed 83008K, reserved 557056K
  class space    used 11382K, committed 11712K, reserved 425984K
}
Event: 62.822 GC heap before
{Heap before GC invocations=42 (full 0):
 garbage-first heap   total 189440K, used 144112K [0x0000000080000000, 0x0000000100000000)
  region size 1024K, 51 young (52224K), 1 survivors (1024K)
 Metaspace       used 84598K, committed 85376K, reserved 557056K
  class space    used 11720K, committed 12096K, reserved 425984K
}
Event: 62.833 GC heap after
{Heap after GC invocations=43 (full 0):
 garbage-first heap   total 189440K, used 95697K [0x0000000080000000, 0x0000000100000000)
  region size 1024K, 4 young (4096K), 4 survivors (4096K)
 Metaspace       used 84598K, committed 85376K, reserved 557056K
  class space    used 11720K, committed 12096K, reserved 425984K
}
Event: 64.851 GC heap before
{Heap before GC invocations=44 (full 0):
 garbage-first heap   total 189440K, used 146897K [0x0000000080000000, 0x0000000100000000)
  region size 1024K, 54 young (55296K), 4 survivors (4096K)
 Metaspace       used 88066K, committed 88832K, reserved 557056K
  class space    used 12370K, committed 12736K, reserved 425984K
}
Event: 64.864 GC heap after
{Heap after GC invocations=45 (full 0):
 garbage-first heap   total 189440K, used 97319K [0x0000000080000000, 0x0000000100000000)
  region size 1024K, 5 young (5120K), 5 survivors (5120K)
 Metaspace       used 88066K, committed 88832K, reserved 557056K
  class space    used 12370K, committed 12736K, reserved 425984K
}
Event: 64.951 GC heap before
{Heap before GC invocations=45 (full 0):
 garbage-first heap   total 189440K, used 100391K [0x0000000080000000, 0x0000000100000000)
  region size 1024K, 9 young (9216K), 5 survivors (5120K)
 Metaspace       used 88353K, committed 89152K, reserved 557056K
  class space    used 12402K, committed 12800K, reserved 425984K
}
Event: 64.967 GC heap after
{Heap after GC invocations=46 (full 0):
 garbage-first heap   total 189440K, used 97511K [0x0000000080000000, 0x0000000100000000)
  region size 1024K, 1 young (1024K), 1 survivors (1024K)
 Metaspace       used 88353K, committed 89152K, reserved 557056K
  class space    used 12402K, committed 12800K, reserved 425984K
}
Event: 66.330 GC heap before
{Heap before GC invocations=46 (full 0):
 garbage-first heap   total 189440K, used 150759K [0x0000000080000000, 0x0000000100000000)
  region size 1024K, 53 young (54272K), 1 survivors (1024K)
 Metaspace       used 92465K, committed 93312K, reserved 557056K
  class space    used 12918K, committed 13312K, reserved 425984K
}
Event: 66.347 GC heap after
{Heap after GC invocations=47 (full 0):
 garbage-first heap   total 412672K, used 101768K [0x0000000080000000, 0x0000000100000000)
  region size 1024K, 5 young (5120K), 5 survivors (5120K)
 Metaspace       used 92465K, committed 93312K, reserved 557056K
  class space    used 12918K, committed 13312K, reserved 425984K
}
Event: 74.139 GC heap before
{Heap before GC invocations=47 (full 0):
 garbage-first heap   total 412672K, used 315784K [0x0000000080000000, 0x0000000100000000)
  region size 1024K, 208 young (212992K), 5 survivors (5120K)
 Metaspace       used 99433K, committed 100480K, reserved 557056K
  class space    used 13926K, committed 14400K, reserved 425984K
}
Event: 74.207 GC heap after
{Heap after GC invocations=48 (full 0):
 garbage-first heap   total 412672K, used 137510K [0x0000000080000000, 0x0000000100000000)
  region size 1024K, 26 young (26624K), 26 survivors (26624K)
 Metaspace       used 99433K, committed 100480K, reserved 557056K
  class space    used 13926K, committed 14400K, reserved 425984K
}
Event: 77.220 GC heap before
{Heap before GC invocations=48 (full 0):
 garbage-first heap   total 412672K, used 291110K [0x0000000080000000, 0x0000000100000000)
  region size 1024K, 175 young (179200K), 26 survivors (26624K)
 Metaspace       used 102392K, committed 103552K, reserved 557056K
  class space    used 14309K, committed 14848K, reserved 425984K
}
Event: 77.318 GC heap after
{Heap after GC invocations=49 (full 0):
 garbage-first heap   total 412672K, used 160159K [0x0000000080000000, 0x0000000100000000)
  region size 1024K, 22 young (22528K), 22 survivors (22528K)
 Metaspace       used 102392K, committed 103552K, reserved 557056K
  class space    used 14309K, committed 14848K, reserved 425984K
}
Event: 84.930 GC heap before
{Heap before GC invocations=49 (full 0):
 garbage-first heap   total 412672K, used 303519K [0x0000000080000000, 0x0000000100000000)
  region size 1024K, 162 young (165888K), 22 survivors (22528K)
 Metaspace       used 107701K, committed 108864K, reserved 557056K
  class space    used 15013K, committed 15552K, reserved 425984K
}
Event: 85.040 GC heap after
{Heap after GC invocations=50 (full 0):
 garbage-first heap   total 412672K, used 181248K [0x0000000080000000, 0x0000000100000000)
  region size 1024K, 20 young (20480K), 20 survivors (20480K)
 Metaspace       used 107701K, committed 108864K, reserved 557056K
  class space    used 15013K, committed 15552K, reserved 425984K
}
Event: 89.657 GC heap before
{Heap before GC invocations=50 (full 0):
 garbage-first heap   total 412672K, used 313344K [0x0000000080000000, 0x0000000100000000)
  region size 1024K, 149 young (152576K), 20 survivors (20480K)
 Metaspace       used 109027K, committed 110272K, reserved 557056K
  class space    used 15131K, committed 15680K, reserved 425984K
}
Event: 89.761 GC heap after
{Heap after GC invocations=51 (full 0):
 garbage-first heap   total 412672K, used 192000K [0x0000000080000000, 0x0000000100000000)
  region size 1024K, 11 young (11264K), 11 survivors (11264K)
 Metaspace       used 109027K, committed 110272K, reserved 557056K
  class space    used 15131K, committed 15680K, reserved 425984K
}

