# JRE version: OpenJDK Runtime Environment Microsoft-8035246 (17.0.8+7) (build 17.0.8+7-LTS)
# Java VM: OpenJDK 64-Bit Server VM Microsoft-8035246 (17.0.8+7-LTS, mixed mode, sharing, tiered, compressed oops, compressed class ptrs, g1 gc, windows-amd64)
GC Precious Log:
 CPUs: 4 total, 4 available
 Memory: 8084M
 Large Page Support: Disabled
 NUMA Support: Disabled
 Compressed Oops: Enabled (32-bit)
 Heap Region Size: 1M
 Heap Min Capacity: 8M
 Heap Initial Capacity: 128M
 Heap Max Capacity: 2G
 Pre-touch: Disabled
 Parallel Workers: 4
 Concurrent Workers: 1
 Concurrent Refinement Workers: 4
 Periodic GC: Disabled
Heap:
 garbage-first heap   total 433152K, used 238784K [0x0000000080000000, 0x0000000100000000)
  region size 1024K, 63 young (64512K), 14 survivors (14336K)
 Metaspace       used 104064K, committed 105280K, reserved 557056K
  class space    used 14554K, committed 15104K, reserved 425984K
GC Heap History (20 events):
Event: 66.100 GC heap before
{Heap before GC invocations=41 (full 0):
 garbage-first heap   total 176128K, used 148725K [0x0000000080000000, 0x0000000100000000)
  region size 1024K, 52 young (53248K), 6 survivors (6144K)
 Metaspace       used 88687K, committed 89536K, reserved 557056K
  class space    used 12502K, committed 12928K, reserved 425984K
}
Event: 66.131 GC heap after
{Heap after GC invocations=42 (full 0):
 garbage-first heap   total 211968K, used 113833K [0x0000000080000000, 0x0000000100000000)
  region size 1024K, 7 young (7168K), 7 survivors (7168K)
 Metaspace       used 88687K, committed 89536K, reserved 557056K
  class space    used 12502K, committed 12928K, reserved 425984K
}
Event: 68.014 GC heap before
{Heap before GC invocations=42 (full 0):
 garbage-first heap   total 211968K, used 171177K [0x0000000080000000, 0x0000000100000000)
  region size 1024K, 61 young (62464K), 7 survivors (7168K)
 Metaspace       used 89644K, committed 90624K, reserved 557056K
  class space    used 12626K, committed 13056K, reserved 425984K
}
Event: 68.043 GC heap after
{Heap after GC invocations=43 (full 0):
 garbage-first heap   total 211968K, used 125952K [0x0000000080000000, 0x0000000100000000)
  region size 1024K, 8 young (8192K), 8 survivors (8192K)
 Metaspace       used 89644K, committed 90624K, reserved 557056K
  class space    used 12626K, committed 13056K, reserved 425984K
}
Event: 68.888 GC heap before
{Heap before GC invocations=43 (full 0):
 garbage-first heap   total 211968K, used 169984K [0x0000000080000000, 0x0000000100000000)
  region size 1024K, 51 young (52224K), 8 survivors (8192K)
 Metaspace       used 91361K, committed 92416K, reserved 557056K
  class space    used 12890K, committed 13376K, reserved 425984K
}
Event: 68.920 GC heap after
{Heap after GC invocations=44 (full 0):
 garbage-first heap   total 211968K, used 132452K [0x0000000080000000, 0x0000000100000000)
  region size 1024K, 6 young (6144K), 6 survivors (6144K)
 Metaspace       used 91361K, committed 92416K, reserved 557056K
  class space    used 12890K, committed 13376K, reserved 425984K
}
Event: 69.968 GC heap before
{Heap before GC invocations=44 (full 0):
 garbage-first heap   total 211968K, used 172388K [0x0000000080000000, 0x0000000100000000)
  region size 1024K, 45 young (46080K), 6 survivors (6144K)
 Metaspace       used 93652K, committed 94720K, reserved 557056K
  class space    used 13214K, committed 13696K, reserved 425984K
}
Event: 69.985 GC heap after
{Heap after GC invocations=45 (full 0):
 garbage-first heap   total 211968K, used 134587K [0x0000000080000000, 0x0000000100000000)
  region size 1024K, 2 young (2048K), 2 survivors (2048K)
 Metaspace       used 93652K, committed 94720K, reserved 557056K
  class space    used 13214K, committed 13696K, reserved 425984K
}
Event: 70.746 GC heap before
{Heap before GC invocations=45 (full 0):
 garbage-first heap   total 211968K, used 174523K [0x0000000080000000, 0x0000000100000000)
  region size 1024K, 41 young (41984K), 2 survivors (2048K)
 Metaspace       used 95660K, committed 96704K, reserved 557056K
  class space    used 13501K, committed 13952K, reserved 425984K
}
Event: 70.761 GC heap after
{Heap after GC invocations=46 (full 0):
 garbage-first heap   total 211968K, used 136821K [0x0000000080000000, 0x0000000100000000)
  region size 1024K, 4 young (4096K), 4 survivors (4096K)
 Metaspace       used 95660K, committed 96704K, reserved 557056K
  class space    used 13501K, committed 13952K, reserved 425984K
}
Event: 71.653 GC heap before
{Heap before GC invocations=47 (full 0):
 garbage-first heap   total 256000K, used 173685K [0x0000000080000000, 0x0000000100000000)
  region size 1024K, 40 young (40960K), 4 survivors (4096K)
 Metaspace       used 96625K, committed 97664K, reserved 557056K
  class space    used 13615K, committed 14080K, reserved 425984K
}
Event: 71.675 GC heap after
{Heap after GC invocations=48 (full 0):
 garbage-first heap   total 256000K, used 141110K [0x0000000080000000, 0x0000000100000000)
  region size 1024K, 5 young (5120K), 5 survivors (5120K)
 Metaspace       used 96625K, committed 97664K, reserved 557056K
  class space    used 13615K, committed 14080K, reserved 425984K
}
Event: 71.798 GC heap before
{Heap before GC invocations=48 (full 0):
 garbage-first heap   total 256000K, used 148278K [0x0000000080000000, 0x0000000100000000)
  region size 1024K, 12 young (12288K), 5 survivors (5120K)
 Metaspace       used 96783K, committed 97856K, reserved 557056K
  class space    used 13634K, committed 14144K, reserved 425984K
}
Event: 71.815 GC heap after
{Heap after GC invocations=49 (full 0):
 garbage-first heap   total 256000K, used 141940K [0x0000000080000000, 0x0000000100000000)
  region size 1024K, 2 young (2048K), 2 survivors (2048K)
 Metaspace       used 96783K, committed 97856K, reserved 557056K
  class space    used 13634K, committed 14144K, reserved 425984K
}
Event: 72.716 GC heap before
{Heap before GC invocations=49 (full 0):
 garbage-first heap   total 256000K, used 205428K [0x0000000080000000, 0x0000000100000000)
  region size 1024K, 64 young (65536K), 2 survivors (2048K)
 Metaspace       used 96903K, committed 98048K, reserved 557056K
  class space    used 13645K, committed 14144K, reserved 425984K
}
Event: 72.746 GC heap after
{Heap after GC invocations=50 (full 0):
 garbage-first heap   total 433152K, used 153539K [0x0000000080000000, 0x0000000100000000)
  region size 1024K, 8 young (8192K), 8 survivors (8192K)
 Metaspace       used 96903K, committed 98048K, reserved 557056K
  class space    used 13645K, committed 14144K, reserved 425984K
}
Event: 78.418 GC heap before
{Heap before GC invocations=50 (full 0):
 garbage-first heap   total 433152K, used 318403K [0x0000000080000000, 0x0000000100000000)
  region size 1024K, 167 young (171008K), 8 survivors (8192K)
 Metaspace       used 102428K, committed 103616K, reserved 557056K
  class space    used 14376K, committed 14912K, reserved 425984K
}
Event: 78.538 GC heap after
{Heap after GC invocations=51 (full 0):
 garbage-first heap   total 433152K, used 176128K [0x0000000080000000, 0x0000000100000000)
  region size 1024K, 21 young (21504K), 21 survivors (21504K)
 Metaspace       used 102428K, committed 103616K, reserved 557056K
  class space    used 14376K, committed 14912K, reserved 425984K
}
Event: 84.520 GC heap before
{Heap before GC invocations=51 (full 0):
 garbage-first heap   total 433152K, used 318464K [0x0000000080000000, 0x0000000100000000)
  region size 1024K, 161 young (164864K), 21 survivors (21504K)
 Metaspace       used 104039K, committed 105280K, reserved 557056K
  class space    used 14554K, committed 15104K, reserved 425984K
}
Event: 84.688 GC heap after
{Heap after GC invocations=52 (full 0):
 garbage-first heap   total 433152K, used 190656K [0x0000000080000000, 0x0000000100000000)
  region size 1024K, 14 young (14336K), 14 survivors (14336K)
 Metaspace       used 104039K, committed 105280K, reserved 557056K
  class space    used 14554K, committed 15104K, reserved 425984K
}

